{"meta": {"format": 3, "version": "7.12.0", "timestamp": "2025-12-03T04:23:42.450726", "branch_coverage": false, "show_contexts": false}, "files": {"src/msn_weather_wrapper/__init__.py": {"executed_lines": [1, 3, 5, 6, 8], "summary": {"covered_lines": 4, "num_statements": 4, "percent_covered": 100.0, "percent_covered_display": "100", "missing_lines": 0, "excluded_lines": 0, "percent_statements_covered": 100.0, "percent_statements_covered_display": "100"}, "missing_lines": [], "excluded_lines": [], "functions": {"": {"executed_lines": [1, 3, 5, 6, 8], "summary": {"covered_lines": 4, "num_statements": 4, "percent_covered": 100.0, "percent_covered_display": "100", "missing_lines": 0, "excluded_lines": 0, "percent_statements_covered": 100.0, "percent_statements_covered_display": "100"}, "missing_lines": [], "excluded_lines": []}}, "classes": {"": {"executed_lines": [1, 3, 5, 6, 8], "summary": {"covered_lines": 4, "num_statements": 4, "percent_covered": 100.0, "percent_covered_display": "100", "missing_lines": 0, "excluded_lines": 0, "percent_statements_covered": 100.0, "percent_statements_covered_display": "100"}, "missing_lines": [], "excluded_lines": []}}}, "src/msn_weather_wrapper/client.py": {"executed_lines": [1, 3, 4, 5, 7, 8, 9, 11, 14, 15, 17, 23, 24, 25, 26, 29, 31, 45, 46, 47, 50, 51, 54, 55, 56, 65, 66, 67, 68, 69, 71, 79, 94, 95, 96, 97, 113, 114, 119, 128, 130, 132, 133, 134, 137, 140, 141, 142, 144, 145, 148, 149, 151, 152, 153, 155, 156, 159, 162, 164, 167, 170, 171, 174, 175, 176, 178, 185, 186, 188, 193, 196, 203, 204, 205, 206, 208, 209, 210, 212, 213, 214, 216, 218, 221, 228, 229, 230, 231, 233, 234, 237, 246, 247, 248, 251, 253, 256, 258, 259, 260, 261, 264, 265, 266, 267, 268, 269, 272, 274, 277, 279, 284, 285, 286, 287, 290, 291, 292, 293, 295, 298, 300, 302, 304, 306, 308, 310], "summary": {"covered_lines": 126, "num_statements": 136, "percent_covered": 92.6470588235294, "percent_covered_display": "93", "missing_lines": 10, "excluded_lines": 0, "percent_statements_covered": 92.6470588235294, "percent_statements_covered_display": "93"}, "missing_lines": [101, 102, 109, 111, 117, 138, 146, 190, 191, 249], "excluded_lines": [], "functions": {"WeatherClient.__init__": {"executed_lines": [23, 24, 25, 26, 29], "summary": {"covered_lines": 5, "num_statements": 5, "percent_covered": 100.0, "percent_covered_display": "100", "missing_lines": 0, "excluded_lines": 0, "percent_statements_covered": 100.0, "percent_statements_covered_display": "100"}, "missing_lines": [], "excluded_lines": []}, "WeatherClient.get_weather": {"executed_lines": [45, 46, 47, 50, 51, 54, 55, 56, 65, 66, 67, 68, 69, 71], "summary": {"covered_lines": 14, "num_statements": 14, "percent_covered": 100.0, "percent_covered_display": "100", "missing_lines": 0, "excluded_lines": 0, "percent_statements_covered": 100.0, "percent_statements_covered_display": "100"}, "missing_lines": [], "excluded_lines": []}, "WeatherClient.get_weather_by_coordinates": {"executed_lines": [94, 95, 96, 97, 113, 114], "summary": {"covered_lines": 6, "num_statements": 11, "percent_covered": 54.54545454545455, "percent_covered_display": "55", "missing_lines": 5, "excluded_lines": 0, "percent_statements_covered": 54.54545454545455, "percent_statements_covered_display": "55"}, "missing_lines": [101, 102, 109, 111, 117], "excluded_lines": []}, "WeatherClient._extract_weather_from_json": {"executed_lines": [128, 130, 132, 133, 134, 137, 140, 141, 142, 144, 145, 148, 149, 151, 152, 153, 155, 156, 159, 162, 164, 167, 170, 171, 174, 175, 176, 178, 185, 186, 188], "summary": {"covered_lines": 31, "num_statements": 35, "percent_covered": 88.57142857142857, "percent_covered_display": "89", "missing_lines": 4, "excluded_lines": 0, "percent_statements_covered": 88.57142857142857, "percent_statements_covered_display": "89"}, "missing_lines": [138, 146, 190, 191], "excluded_lines": []}, "WeatherClient._extract_temperature": {"executed_lines": [196, 203, 204, 205, 206, 208, 209, 210, 212, 213, 214, 216], "summary": {"covered_lines": 12, "num_statements": 12, "percent_covered": 100.0, "percent_covered_display": "100", "missing_lines": 0, "excluded_lines": 0, "percent_statements_covered": 100.0, "percent_statements_covered_display": "100"}, "missing_lines": [], "excluded_lines": []}, "WeatherClient._extract_condition": {"executed_lines": [221, 228, 229, 230, 231, 233, 234, 237, 246, 247, 248, 251], "summary": {"covered_lines": 12, "num_statements": 13, "percent_covered": 92.3076923076923, "percent_covered_display": "92", "missing_lines": 1, "excluded_lines": 0, "percent_statements_covered": 92.3076923076923, "percent_statements_covered_display": "92"}, "missing_lines": [249], "excluded_lines": []}, "WeatherClient._extract_humidity": {"executed_lines": [256, 258, 259, 260, 261, 264, 265, 266, 267, 268, 269, 272], "summary": {"covered_lines": 12, "num_statements": 12, "percent_covered": 100.0, "percent_covered_display": "100", "missing_lines": 0, "excluded_lines": 0, "percent_statements_covered": 100.0, "percent_statements_covered_display": "100"}, "missing_lines": [], "excluded_lines": []}, "WeatherClient._extract_wind_speed": {"executed_lines": [277, 279, 284, 285, 286, 287, 290, 291, 292, 293, 295, 298], "summary": {"covered_lines": 12, "num_statements": 12, "percent_covered": 100.0, "percent_covered_display": "100", "missing_lines": 0, "excluded_lines": 0, "percent_statements_covered": 100.0, "percent_statements_covered_display": "100"}, "missing_lines": [], "excluded_lines": []}, "WeatherClient.close": {"executed_lines": [302], "summary": {"covered_lines": 1, "num_statements": 1, "percent_covered": 100.0, "percent_covered_display": "100", "missing_lines": 0, "excluded_lines": 0, "percent_statements_covered": 100.0, "percent_statements_covered_display": "100"}, "missing_lines": [], "excluded_lines": []}, "WeatherClient.__enter__": {"executed_lines": [306], "summary": {"covered_lines": 1, "num_statements": 1, "percent_covered": 100.0, "percent_covered_display": "100", "missing_lines": 0, "excluded_lines": 0, "percent_statements_covered": 100.0, "percent_statements_covered_display": "100"}, "missing_lines": [], "excluded_lines": []}, "WeatherClient.__exit__": {"executed_lines": [310], "summary": {"covered_lines": 1, "num_statements": 1, "percent_covered": 100.0, "percent_covered_display": "100", "missing_lines": 0, "excluded_lines": 0, "percent_statements_covered": 100.0, "percent_statements_covered_display": "100"}, "missing_lines": [], "excluded_lines": []}, "": {"executed_lines": [1, 3, 4, 5, 7, 8, 9, 11, 14, 15, 17, 31, 79, 119, 193, 218, 253, 274, 300, 304, 308], "summary": {"covered_lines": 19, "num_statements": 19, "percent_covered": 100.0, "percent_covered_display": "100", "missing_lines": 0, "excluded_lines": 0, "percent_statements_covered": 100.0, "percent_statements_covered_display": "100"}, "missing_lines": [], "excluded_lines": []}}, "classes": {"WeatherClient": {"executed_lines": [23, 24, 25, 26, 29, 45, 46, 47, 50, 51, 54, 55, 56, 65, 66, 67, 68, 69, 71, 94, 95, 96, 97, 113, 114, 128, 130, 132, 133, 134, 137, 140, 141, 142, 144, 145, 148, 149, 151, 152, 153, 155, 156, 159, 162, 164, 167, 170, 171, 174, 175, 176, 178, 185, 186, 188, 196, 203, 204, 205, 206, 208, 209, 210, 212, 213, 214, 216, 221, 228, 229, 230, 231, 233, 234, 237, 246, 247, 248, 251, 256, 258, 259, 260, 261, 264, 265, 266, 267, 268, 269, 272, 277, 279, 284, 285, 286, 287, 290, 291, 292, 293, 295, 298, 302, 306, 310], "summary": {"covered_lines": 107, "num_statements": 117, "percent_covered": 91.45299145299145, "percent_covered_display": "91", "missing_lines": 10, "excluded_lines": 0, "percent_statements_covered": 91.45299145299145, "percent_statements_covered_display": "91"}, "missing_lines": [101, 102, 109, 111, 117, 138, 146, 190, 191, 249], "excluded_lines": []}, "": {"executed_lines": [1, 3, 4, 5, 7, 8, 9, 11, 14, 15, 17, 31, 79, 119, 193, 218, 253, 274, 300, 304, 308], "summary": {"covered_lines": 19, "num_statements": 19, "percent_covered": 100.0, "percent_covered_display": "100", "missing_lines": 0, "excluded_lines": 0, "percent_statements_covered": 100.0, "percent_statements_covered_display": "100"}, "missing_lines": [], "excluded_lines": []}}}, "src/msn_weather_wrapper/models.py": {"executed_lines": [1, 3, 6, 7, 9, 10, 11, 12, 15, 16, 18, 19, 20, 21, 22], "summary": {"covered_lines": 12, "num_statements": 12, "percent_covered": 100.0, "percent_covered_display": "100", "missing_lines": 0, "excluded_lines": 0, "percent_statements_covered": 100.0, "percent_statements_covered_display": "100"}, "missing_lines": [], "excluded_lines": [], "functions": {"": {"executed_lines": [1, 3, 6, 7, 9, 10, 11, 12, 15, 16, 18, 19, 20, 21, 22], "summary": {"covered_lines": 12, "num_statements": 12, "percent_covered": 100.0, "percent_covered_display": "100", "missing_lines": 0, "excluded_lines": 0, "percent_statements_covered": 100.0, "percent_statements_covered_display": "100"}, "missing_lines": [], "excluded_lines": []}}, "classes": {"Location": {"executed_lines": [], "summary": {"covered_lines": 0, "num_statements": 0, "percent_covered": 100.0, "percent_covered_display": "100", "missing_lines": 0, "excluded_lines": 0, "percent_statements_covered": 100.0, "percent_statements_covered_display": "100"}, "missing_lines": [], "excluded_lines": []}, "WeatherData": {"executed_lines": [], "summary": {"covered_lines": 0, "num_statements": 0, "percent_covered": 100.0, "percent_covered_display": "100", "missing_lines": 0, "excluded_lines": 0, "percent_statements_covered": 100.0, "percent_statements_covered_display": "100"}, "missing_lines": [], "excluded_lines": []}, "": {"executed_lines": [1, 3, 6, 7, 9, 10, 11, 12, 15, 16, 18, 19, 20, 21, 22], "summary": {"covered_lines": 12, "num_statements": 12, "percent_covered": 100.0, "percent_covered_display": "100", "missing_lines": 0, "excluded_lines": 0, "percent_statements_covered": 100.0, "percent_statements_covered_display": "100"}, "missing_lines": [], "excluded_lines": []}}}}, "totals": {"covered_lines": 142, "num_statements": 152, "percent_covered": 93.42105263157895, "percent_covered_display": "93", "missing_lines": 10, "excluded_lines": 0, "percent_statements_covered": 93.42105263157895, "percent_statements_covered_display": "93"}}